a.c.c:442:11: warning: duplicate 'short' declaration specifier [-Wduplicate-decl-specifier]
    short short* p;
          ^~~~~
a.c.c:555:5: warning: incompatible redeclaration of library function 'snprintf' [-Wincompatible-library-redeclaration]
int snprintf(char* __s, long int __maxlen, const char* __format, ...);
    ^
a.c.c:555:5: note: 'snprintf' is a builtin with type 'int (char *, unsigned long, const char *, ...)'
a.c.c:557:5: warning: incompatible redeclaration of library function 'vsnprintf' [-Wincompatible-library-redeclaration]
int vsnprintf(char* __s, long int __maxlen, const char* __format, va_list __arg);
    ^
a.c.c:557:5: note: 'vsnprintf' is a builtin with type 'int (char *, unsigned long, const char *, __builtin_va_list)'
a.c.c:637:10: warning: incompatible redeclaration of library function 'fread' [-Wincompatible-library-redeclaration]
long int fread(void* __ptr, long int __size, long int __n, struct _IO_FILE* __stream);
         ^
a.c.c:637:10: note: 'fread' is a builtin with type 'unsigned long (void *, unsigned long, unsigned long, FILE *)' (aka 'unsigned long (void *, unsigned long, unsigned long, struct _IO_FILE *)')
a.c.c:639:10: warning: incompatible redeclaration of library function 'fwrite' [-Wincompatible-library-redeclaration]
long int fwrite(const void* __ptr, long int __size, long int __n, struct _IO_FILE* __s);
         ^
a.c.c:639:10: note: 'fwrite' is a builtin with type 'unsigned long (const void *, unsigned long, unsigned long, FILE *)' (aka 'unsigned long (const void *, unsigned long, unsigned long, struct _IO_FILE *)')
a.c.c:853:7: warning: incompatible redeclaration of library function 'malloc' [-Wincompatible-library-redeclaration]
void* malloc(long int __size);
      ^
a.c.c:853:7: note: 'malloc' is a builtin with type 'void *(unsigned long)'
a.c.c:855:7: warning: incompatible redeclaration of library function 'calloc' [-Wincompatible-library-redeclaration]
void* calloc(long int __nmemb, long int __size);
      ^
a.c.c:855:7: note: 'calloc' is a builtin with type 'void *(unsigned long, unsigned long)'
a.c.c:857:7: warning: incompatible redeclaration of library function 'realloc' [-Wincompatible-library-redeclaration]
void* realloc(void* __ptr, long int __size);
      ^
a.c.c:857:7: note: 'realloc' is a builtin with type 'void *(void *, unsigned long)'
a.c.c:863:7: warning: incompatible redeclaration of library function 'alloca' [-Wincompatible-library-redeclaration]
void* alloca(long int __size);
      ^
a.c.c:863:7: note: 'alloca' is a builtin with type 'void *(unsigned long)'
a.c.c:869:7: warning: incompatible redeclaration of library function 'aligned_alloc' [-Wincompatible-library-redeclaration]
void* aligned_alloc(long int __alignment, long int __size);
      ^
a.c.c:869:7: note: 'aligned_alloc' is a builtin with type 'void *(unsigned long, unsigned long)'
a.c.c:989:7: warning: incompatible redeclaration of library function 'memcpy' [-Wincompatible-library-redeclaration]
void* memcpy(void* __dest, const void* __src, long int __n);
      ^
a.c.c:989:7: note: 'memcpy' is a builtin with type 'void *(void *, const void *, unsigned long)'
a.c.c:991:7: warning: incompatible redeclaration of library function 'memmove' [-Wincompatible-library-redeclaration]
void* memmove(void* __dest, const void* __src, long int __n);
      ^
a.c.c:991:7: note: 'memmove' is a builtin with type 'void *(void *, const void *, unsigned long)'
a.c.c:993:7: warning: incompatible redeclaration of library function 'memccpy' [-Wincompatible-library-redeclaration]
void* memccpy(void* __dest, const void* __src, int __c, long int __n);
      ^
a.c.c:993:7: note: 'memccpy' is a builtin with type 'void *(void *, const void *, int, unsigned long)'
a.c.c:995:7: warning: incompatible redeclaration of library function 'memset' [-Wincompatible-library-redeclaration]
void* memset(void* __s, int __c, long int __n);
      ^
a.c.c:995:7: note: 'memset' is a builtin with type 'void *(void *, int, unsigned long)'
a.c.c:997:5: warning: incompatible redeclaration of library function 'memcmp' [-Wincompatible-library-redeclaration]
int memcmp(const void* __s1, const void* __s2, long int __n);
    ^
a.c.c:997:5: note: 'memcmp' is a builtin with type 'int (const void *, const void *, unsigned long)'
a.c.c:1001:7: warning: incompatible redeclaration of library function 'memchr' [-Wincompatible-library-redeclaration]
void* memchr(const void* __s, int __c, long int __n);
      ^
a.c.c:1001:7: note: 'memchr' is a builtin with type 'void *(const void *, int, unsigned long)'
a.c.c:1009:7: warning: incompatible redeclaration of library function 'strncpy' [-Wincompatible-library-redeclaration]
char* strncpy(char* __dest, const char* __src, long int __n);
      ^
a.c.c:1009:7: note: 'strncpy' is a builtin with type 'char *(char *, const char *, unsigned long)'
a.c.c:1013:7: warning: incompatible redeclaration of library function 'strncat' [-Wincompatible-library-redeclaration]
char* strncat(char* __dest, const char* __src, long int __n);
      ^
a.c.c:1013:7: note: 'strncat' is a builtin with type 'char *(char *, const char *, unsigned long)'
a.c.c:1017:5: warning: incompatible redeclaration of library function 'strncmp' [-Wincompatible-library-redeclaration]
int strncmp(const char* __s1, const char* __s2, long int __n);
    ^
a.c.c:1017:5: note: 'strncmp' is a builtin with type 'int (const char *, const char *, unsigned long)'
a.c.c:1021:10: warning: incompatible redeclaration of library function 'strxfrm' [-Wincompatible-library-redeclaration]
long int strxfrm(char* __dest, const char* __src, long int __n);
         ^
a.c.c:1021:10: note: 'strxfrm' is a builtin with type 'unsigned long (char *, const char *, unsigned long)'
a.c.c:1029:7: warning: incompatible redeclaration of library function 'strndup' [-Wincompatible-library-redeclaration]
char* strndup(const char* __string, long int __n);
      ^
a.c.c:1029:7: note: 'strndup' is a builtin with type 'char *(const char *, unsigned long)'
a.c.c:1037:10: warning: incompatible redeclaration of library function 'strcspn' [-Wincompatible-library-redeclaration]
long int strcspn(const char* __s, const char* __reject);
         ^
a.c.c:1037:10: note: 'strcspn' is a builtin with type 'unsigned long (const char *, const char *)'
a.c.c:1039:10: warning: incompatible redeclaration of library function 'strspn' [-Wincompatible-library-redeclaration]
long int strspn(const char* __s, const char* __accept);
         ^
a.c.c:1039:10: note: 'strspn' is a builtin with type 'unsigned long (const char *, const char *)'
a.c.c:1057:7: warning: incompatible redeclaration of library function 'mempcpy' [-Wincompatible-library-redeclaration]
void* mempcpy(void* __dest, const void* __src, long int __n);
      ^
a.c.c:1057:7: note: 'mempcpy' is a builtin with type 'void *(void *, const void *, unsigned long)'
a.c.c:1059:10: warning: incompatible redeclaration of library function 'strlen' [-Wincompatible-library-redeclaration]
long int strlen(const char* __s);
         ^
a.c.c:1059:10: note: 'strlen' is a builtin with type 'unsigned long (const char *)'
a.c.c:1073:5: warning: incompatible redeclaration of library function 'bcmp' [-Wincompatible-library-redeclaration]
int bcmp(const void* __s1, const void* __s2, long int __n);
    ^
a.c.c:1073:5: note: 'bcmp' is a builtin with type 'int (const void *, const void *, unsigned long)'
a.c.c:1077:6: warning: incompatible redeclaration of library function 'bzero' [-Wincompatible-library-redeclaration]
void bzero(void* __s, long int __n);
     ^
a.c.c:1077:6: note: 'bzero' is a builtin with type 'void (void *, unsigned long)'
a.c.c:1091:5: warning: incompatible redeclaration of library function 'strncasecmp' [-Wincompatible-library-redeclaration]
int strncasecmp(const char* __s1, const char* __s2, long int __n);
    ^
a.c.c:1091:5: note: 'strncasecmp' is a builtin with type 'int (const char *, const char *, unsigned long)'
a.c.c:1113:7: warning: incompatible redeclaration of library function 'stpncpy' [-Wincompatible-library-redeclaration]
char* stpncpy(char* __dest, const char* __src, long int __n);
      ^
a.c.c:1113:7: note: 'stpncpy' is a builtin with type 'char *(char *, const char *, unsigned long)'
a.c.c:1197:63: warning: duplicate 'short' declaration specifier [-Wduplicate-decl-specifier]
struct buffer* buffer_append_short(struct buffer* self, short short value);
                                                              ^~~~~~
a.c.c:1219:26: warning: duplicate 'short' declaration specifier [-Wduplicate-decl-specifier]
_Bool short_equals(short short self, short short right);
                         ^~~~~~
a.c.c:1219:44: warning: duplicate 'short' declaration specifier [-Wduplicate-decl-specifier]
_Bool short_equals(short short self, short short right);
                                           ^~~~~~
a.c.c:1253:39: warning: duplicate 'short' declaration specifier [-Wduplicate-decl-specifier]
unsigned int short_get_hash_key(short short value);
                                      ^~~~~~
a.c.c:1273:29: warning: duplicate 'short' declaration specifier [-Wduplicate-decl-specifier]
short int short_clone(short short self);
                            ^~~~~~
a.c.c:1349:29: warning: duplicate 'short' declaration specifier [-Wduplicate-decl-specifier]
char* short_to_string(short short self);
                            ^~~~~~
a.c.c:1369:25: warning: duplicate 'short' declaration specifier [-Wduplicate-decl-specifier]
int short_compare(short short left, short short right);
                        ^~~~~~
a.c.c:1369:43: warning: duplicate 'short' declaration specifier [-Wduplicate-decl-specifier]
int short_compare(short short left, short short right);
                                          ^~~~~~
a.c.c:1463:30: warning: integer literal is too large to be represented in a signed integer type, interpreting as unsigned [-Wimplicitly-unsigned-literal]
    __result3__ = ((((__bsx)&18374686479671623680)>>56)|(((__bsx)&71776119061217280)>>40)|(((__bsx)&280375465082880)>>24)|(((__bsx)&1095216660480)>>8)|(((__bsx)&4278190080)<<8)|(((__bsx)&16711680)<<24)|(((__bsx)&65280)<<40)|(((__bsx)&255)<<56));
                             ^
a.c.c:1630:96: warning: duplicate 'short' declaration specifier [-Wduplicate-decl-specifier]
    ((struct smart_pointer$1short*)come_null_check(result_2, "./comelang2.h", 2015))->p=(short short*)((struct buffer*)come_null_check(((struct smart_pointer$1short*)come_null_check(result_2, "./comelang2.h", 2015))->memory, "./comelang2.h", 2015))->buf;
                                                                                               ^~~~~
39 warnings generated.
