main.c.c:662:11: warning: duplicate 'short' declaration specifier [-Wduplicate-decl-specifier]
    short short _cury;
          ^~~~~~
main.c.c:663:11: warning: duplicate 'short' declaration specifier [-Wduplicate-decl-specifier]
    short short _curx;
          ^~~~~~
main.c.c:664:11: warning: duplicate 'short' declaration specifier [-Wduplicate-decl-specifier]
    short short _maxy;
          ^~~~~~
main.c.c:665:11: warning: duplicate 'short' declaration specifier [-Wduplicate-decl-specifier]
    short short _maxx;
          ^~~~~~
main.c.c:666:11: warning: duplicate 'short' declaration specifier [-Wduplicate-decl-specifier]
    short short _begy;
          ^~~~~~
main.c.c:667:11: warning: duplicate 'short' declaration specifier [-Wduplicate-decl-specifier]
    short short _begx;
          ^~~~~~
main.c.c:668:11: warning: duplicate 'short' declaration specifier [-Wduplicate-decl-specifier]
    short short _flags;
          ^~~~~~
main.c.c:682:11: warning: duplicate 'short' declaration specifier [-Wduplicate-decl-specifier]
    short short _regtop;
          ^~~~~~
main.c.c:683:11: warning: duplicate 'short' declaration specifier [-Wduplicate-decl-specifier]
    short short _regbottom;
          ^~~~~~
main.c.c:688:11: warning: duplicate 'short' declaration specifier [-Wduplicate-decl-specifier]
    short short _yoffset;
          ^~~~~~
main.c.c:709:11: warning: duplicate 'short' declaration specifier [-Wduplicate-decl-specifier]
    short short id;
          ^~~~~~
main.c.c:783:15: warning: duplicate 'short' declaration specifier [-Wduplicate-decl-specifier]
typedef short short __s16;
              ^~~~~~
main.c.c:1598:5: warning: incompatible redeclaration of library function 'snprintf' [-Wincompatible-library-redeclaration]
int snprintf(char* __s, long int __maxlen, const char* __format, ...);
    ^
main.c.c:1598:5: note: 'snprintf' is a builtin with type 'int (char *, unsigned long, const char *, ...)'
main.c.c:1600:5: warning: incompatible redeclaration of library function 'vsnprintf' [-Wincompatible-library-redeclaration]
int vsnprintf(char* __s, long int __maxlen, const char* __format, va_list __arg);
    ^
main.c.c:1600:5: note: 'vsnprintf' is a builtin with type 'int (char *, unsigned long, const char *, __builtin_va_list)'
main.c.c:1680:10: warning: incompatible redeclaration of library function 'fread' [-Wincompatible-library-redeclaration]
long int fread(void* __ptr, long int __size, long int __n, struct _IO_FILE* __stream);
         ^
main.c.c:1680:10: note: 'fread' is a builtin with type 'unsigned long (void *, unsigned long, unsigned long, FILE *)' (aka 'unsigned long (void *, unsigned long, unsigned long, struct _IO_FILE *)')
main.c.c:1682:10: warning: incompatible redeclaration of library function 'fwrite' [-Wincompatible-library-redeclaration]
long int fwrite(const void* __ptr, long int __size, long int __n, struct _IO_FILE* __s);
         ^
main.c.c:1682:10: note: 'fwrite' is a builtin with type 'unsigned long (const void *, unsigned long, unsigned long, FILE *)' (aka 'unsigned long (const void *, unsigned long, unsigned long, struct _IO_FILE *)')
main.c.c:1896:7: warning: incompatible redeclaration of library function 'malloc' [-Wincompatible-library-redeclaration]
void* malloc(long int __size);
      ^
main.c.c:1896:7: note: 'malloc' is a builtin with type 'void *(unsigned long)'
main.c.c:1898:7: warning: incompatible redeclaration of library function 'calloc' [-Wincompatible-library-redeclaration]
void* calloc(long int __nmemb, long int __size);
      ^
main.c.c:1898:7: note: 'calloc' is a builtin with type 'void *(unsigned long, unsigned long)'
main.c.c:1900:7: warning: incompatible redeclaration of library function 'realloc' [-Wincompatible-library-redeclaration]
void* realloc(void* __ptr, long int __size);
      ^
main.c.c:1900:7: note: 'realloc' is a builtin with type 'void *(void *, unsigned long)'
main.c.c:1906:7: warning: incompatible redeclaration of library function 'alloca' [-Wincompatible-library-redeclaration]
void* alloca(long int __size);
      ^
main.c.c:1906:7: note: 'alloca' is a builtin with type 'void *(unsigned long)'
main.c.c:1912:7: warning: incompatible redeclaration of library function 'aligned_alloc' [-Wincompatible-library-redeclaration]
void* aligned_alloc(long int __alignment, long int __size);
      ^
main.c.c:1912:7: note: 'aligned_alloc' is a builtin with type 'void *(unsigned long, unsigned long)'
main.c.c:2032:7: warning: incompatible redeclaration of library function 'memcpy' [-Wincompatible-library-redeclaration]
void* memcpy(void* __dest, const void* __src, long int __n);
      ^
main.c.c:2032:7: note: 'memcpy' is a builtin with type 'void *(void *, const void *, unsigned long)'
main.c.c:2034:7: warning: incompatible redeclaration of library function 'memmove' [-Wincompatible-library-redeclaration]
void* memmove(void* __dest, const void* __src, long int __n);
      ^
main.c.c:2034:7: note: 'memmove' is a builtin with type 'void *(void *, const void *, unsigned long)'
main.c.c:2036:7: warning: incompatible redeclaration of library function 'memccpy' [-Wincompatible-library-redeclaration]
void* memccpy(void* __dest, const void* __src, int __c, long int __n);
      ^
main.c.c:2036:7: note: 'memccpy' is a builtin with type 'void *(void *, const void *, int, unsigned long)'
main.c.c:2038:7: warning: incompatible redeclaration of library function 'memset' [-Wincompatible-library-redeclaration]
void* memset(void* __s, int __c, long int __n);
      ^
main.c.c:2038:7: note: 'memset' is a builtin with type 'void *(void *, int, unsigned long)'
main.c.c:2040:5: warning: incompatible redeclaration of library function 'memcmp' [-Wincompatible-library-redeclaration]
int memcmp(const void* __s1, const void* __s2, long int __n);
    ^
main.c.c:2040:5: note: 'memcmp' is a builtin with type 'int (const void *, const void *, unsigned long)'
main.c.c:2044:7: warning: incompatible redeclaration of library function 'memchr' [-Wincompatible-library-redeclaration]
void* memchr(const void* __s, int __c, long int __n);
      ^
main.c.c:2044:7: note: 'memchr' is a builtin with type 'void *(const void *, int, unsigned long)'
main.c.c:2052:7: warning: incompatible redeclaration of library function 'strncpy' [-Wincompatible-library-redeclaration]
char* strncpy(char* __dest, const char* __src, long int __n);
      ^
main.c.c:2052:7: note: 'strncpy' is a builtin with type 'char *(char *, const char *, unsigned long)'
main.c.c:2056:7: warning: incompatible redeclaration of library function 'strncat' [-Wincompatible-library-redeclaration]
char* strncat(char* __dest, const char* __src, long int __n);
      ^
main.c.c:2056:7: note: 'strncat' is a builtin with type 'char *(char *, const char *, unsigned long)'
main.c.c:2060:5: warning: incompatible redeclaration of library function 'strncmp' [-Wincompatible-library-redeclaration]
int strncmp(const char* __s1, const char* __s2, long int __n);
    ^
main.c.c:2060:5: note: 'strncmp' is a builtin with type 'int (const char *, const char *, unsigned long)'
main.c.c:2064:10: warning: incompatible redeclaration of library function 'strxfrm' [-Wincompatible-library-redeclaration]
long int strxfrm(char* __dest, const char* __src, long int __n);
         ^
main.c.c:2064:10: note: 'strxfrm' is a builtin with type 'unsigned long (char *, const char *, unsigned long)'
main.c.c:2072:7: warning: incompatible redeclaration of library function 'strndup' [-Wincompatible-library-redeclaration]
char* strndup(const char* __string, long int __n);
      ^
main.c.c:2072:7: note: 'strndup' is a builtin with type 'char *(const char *, unsigned long)'
main.c.c:2080:10: warning: incompatible redeclaration of library function 'strcspn' [-Wincompatible-library-redeclaration]
long int strcspn(const char* __s, const char* __reject);
         ^
main.c.c:2080:10: note: 'strcspn' is a builtin with type 'unsigned long (const char *, const char *)'
main.c.c:2082:10: warning: incompatible redeclaration of library function 'strspn' [-Wincompatible-library-redeclaration]
long int strspn(const char* __s, const char* __accept);
         ^
main.c.c:2082:10: note: 'strspn' is a builtin with type 'unsigned long (const char *, const char *)'
main.c.c:2100:7: warning: incompatible redeclaration of library function 'mempcpy' [-Wincompatible-library-redeclaration]
void* mempcpy(void* __dest, const void* __src, long int __n);
      ^
main.c.c:2100:7: note: 'mempcpy' is a builtin with type 'void *(void *, const void *, unsigned long)'
main.c.c:2102:10: warning: incompatible redeclaration of library function 'strlen' [-Wincompatible-library-redeclaration]
long int strlen(const char* __s);
         ^
main.c.c:2102:10: note: 'strlen' is a builtin with type 'unsigned long (const char *)'
main.c.c:2116:5: warning: incompatible redeclaration of library function 'bcmp' [-Wincompatible-library-redeclaration]
int bcmp(const void* __s1, const void* __s2, long int __n);
    ^
main.c.c:2116:5: note: 'bcmp' is a builtin with type 'int (const void *, const void *, unsigned long)'
main.c.c:2120:6: warning: incompatible redeclaration of library function 'bzero' [-Wincompatible-library-redeclaration]
void bzero(void* __s, long int __n);
     ^
main.c.c:2120:6: note: 'bzero' is a builtin with type 'void (void *, unsigned long)'
main.c.c:2134:5: warning: incompatible redeclaration of library function 'strncasecmp' [-Wincompatible-library-redeclaration]
int strncasecmp(const char* __s1, const char* __s2, long int __n);
    ^
main.c.c:2134:5: note: 'strncasecmp' is a builtin with type 'int (const char *, const char *, unsigned long)'
main.c.c:2156:7: warning: incompatible redeclaration of library function 'stpncpy' [-Wincompatible-library-redeclaration]
char* stpncpy(char* __dest, const char* __src, long int __n);
      ^
main.c.c:2156:7: note: 'stpncpy' is a builtin with type 'char *(char *, const char *, unsigned long)'
main.c.c:2244:63: warning: duplicate 'short' declaration specifier [-Wduplicate-decl-specifier]
struct buffer* buffer_append_short(struct buffer* self, short short value);
                                                              ^~~~~~
main.c.c:2262:26: warning: duplicate 'short' declaration specifier [-Wduplicate-decl-specifier]
_Bool short_equals(short short self, short short right);
                         ^~~~~~
main.c.c:2262:44: warning: duplicate 'short' declaration specifier [-Wduplicate-decl-specifier]
_Bool short_equals(short short self, short short right);
                                           ^~~~~~
main.c.c:2296:39: warning: duplicate 'short' declaration specifier [-Wduplicate-decl-specifier]
unsigned int short_get_hash_key(short short value);
                                      ^~~~~~
main.c.c:2316:29: warning: duplicate 'short' declaration specifier [-Wduplicate-decl-specifier]
short int short_clone(short short self);
                            ^~~~~~
main.c.c:2388:29: warning: duplicate 'short' declaration specifier [-Wduplicate-decl-specifier]
char* short_to_string(short short self);
                            ^~~~~~
main.c.c:2408:25: warning: duplicate 'short' declaration specifier [-Wduplicate-decl-specifier]
int short_compare(short short left, short short right);
                        ^~~~~~
main.c.c:2408:43: warning: duplicate 'short' declaration specifier [-Wduplicate-decl-specifier]
int short_compare(short short left, short short right);
                                          ^~~~~~
main.c.c:2628:5: warning: incompatible redeclaration of library function 'wcsncmp' [-Wincompatible-library-redeclaration]
int wcsncmp(const unsigned int* __s1, const unsigned int* __s2, long int __n);
    ^
main.c.c:2628:5: note: 'wcsncmp' is a builtin with type 'int (const unsigned int *, const unsigned int *, unsigned long)'
main.c.c:2664:10: warning: incompatible redeclaration of library function 'wcslen' [-Wincompatible-library-redeclaration]
long int wcslen(const unsigned int* __s);
         ^
main.c.c:2664:10: note: 'wcslen' is a builtin with type 'unsigned long (const unsigned int *)'
main.c.c:2670:15: warning: incompatible redeclaration of library function 'wmemchr' [-Wincompatible-library-redeclaration]
unsigned int* wmemchr(const unsigned int* __s, unsigned int __c, long int __n);
              ^
main.c.c:2670:15: note: 'wmemchr' is a builtin with type 'unsigned int *(const unsigned int *, unsigned int, unsigned long)'
main.c.c:2672:5: warning: incompatible redeclaration of library function 'wmemcmp' [-Wincompatible-library-redeclaration]
int wmemcmp(const unsigned int* __s1, const unsigned int* __s2, long int __n);
    ^
main.c.c:2672:5: note: 'wmemcmp' is a builtin with type 'int (const unsigned int *, const unsigned int *, unsigned long)'
main.c.c:2674:15: warning: incompatible redeclaration of library function 'wmemcpy' [-Wincompatible-library-redeclaration]
unsigned int* wmemcpy(unsigned int* __s1, const unsigned int* __s2, long int __n);
              ^
main.c.c:2674:15: note: 'wmemcpy' is a builtin with type 'unsigned int *(unsigned int *, const unsigned int *, unsigned long)'
main.c.c:2676:15: warning: incompatible redeclaration of library function 'wmemmove' [-Wincompatible-library-redeclaration]
unsigned int* wmemmove(unsigned int* __s1, const unsigned int* __s2, long int __n);
              ^
main.c.c:2676:15: note: 'wmemmove' is a builtin with type 'unsigned int *(unsigned int *, const unsigned int *, unsigned long)'
main.c.c:2998:58: warning: duplicate 'short' declaration specifier [-Wduplicate-decl-specifier]
int attr_get(unsigned int* anonymous_var_nameX428, short short* anonymous_var_nameX429, void* anonymous_var_nameX430);
                                                         ^~~~~
main.c.c:3004:57: warning: duplicate 'short' declaration specifier [-Wduplicate-decl-specifier]
int attr_set(unsigned int anonymous_var_nameX435, short short anonymous_var_nameX436, void* anonymous_var_nameX437);
                                                        ^~~~~~
main.c.c:3022:82: warning: duplicate 'short' declaration specifier [-Wduplicate-decl-specifier]
int chgat(int anonymous_var_nameX451, unsigned int anonymous_var_nameX452, short short anonymous_var_nameX453, const void* anonymous_var_nameX454);
                                                                                 ^~~~~~
main.c.c:3032:25: warning: duplicate 'short' declaration specifier [-Wduplicate-decl-specifier]
int color_content(short short anonymous_var_nameX457, short short* anonymous_var_nameX458, short short* anonymous_var_nameX459, short short* anonymous_var_nameX460);
                        ^~~~~~
main.c.c:3032:61: warning: duplicate 'short' declaration specifier [-Wduplicate-decl-specifier]
int color_content(short short anonymous_var_nameX457, short short* anonymous_var_nameX458, short short* anonymous_var_nameX459, short short* anonymous_var_nameX460);
                                                            ^~~~~
main.c.c:3032:98: warning: duplicate 'short' declaration specifier [-Wduplicate-decl-specifier]
int color_content(short short anonymous_var_nameX457, short short* anonymous_var_nameX458, short short* anonymous_var_nameX459, short short* anonymous_var_nameX460);
                                                                                                 ^~~~~
main.c.c:3032:135: warning: duplicate 'short' declaration specifier [-Wduplicate-decl-specifier]
int color_content(short short anonymous_var_nameX457, short short* anonymous_var_nameX458, short short* anonymous_var_nameX459, short short* anonymous_var_nameX460);
                                                                                                                                      ^~~~~
main.c.c:3034:21: warning: duplicate 'short' declaration specifier [-Wduplicate-decl-specifier]
int color_set(short short anonymous_var_nameX461, void* anonymous_var_nameX462);
                    ^~~~~~
main.c.c:3112:22: warning: duplicate 'short' declaration specifier [-Wduplicate-decl-specifier]
int init_color(short short anonymous_var_nameX501, short short anonymous_var_nameX502, short short anonymous_var_nameX503, short short anonymous_var_nameX504);
                     ^~~~~~
main.c.c:3112:58: warning: duplicate 'short' declaration specifier [-Wduplicate-decl-specifier]
int init_color(short short anonymous_var_nameX501, short short anonymous_var_nameX502, short short anonymous_var_nameX503, short short anonymous_var_nameX504);
                                                         ^~~~~~
main.c.c:3112:94: warning: duplicate 'short' declaration specifier [-Wduplicate-decl-specifier]
int init_color(short short anonymous_var_nameX501, short short anonymous_var_nameX502, short short anonymous_var_nameX503, short short anonymous_var_nameX504);
                                                                                             ^~~~~~
main.c.c:3112:130: warning: duplicate 'short' declaration specifier [-Wduplicate-decl-specifier]
int init_color(short short anonymous_var_nameX501, short short anonymous_var_nameX502, short short anonymous_var_nameX503, short short anonymous_var_nameX504);
                                                                                                                                 ^~~~~~
main.c.c:3114:21: warning: duplicate 'short' declaration specifier [-Wduplicate-decl-specifier]
int init_pair(short short anonymous_var_nameX505, short short anonymous_var_nameX506, short short anonymous_var_nameX507);
                    ^~~~~~
main.c.c:3114:57: warning: duplicate 'short' declaration specifier [-Wduplicate-decl-specifier]
int init_pair(short short anonymous_var_nameX505, short short anonymous_var_nameX506, short short anonymous_var_nameX507);
                                                        ^~~~~~
main.c.c:3114:93: warning: duplicate 'short' declaration specifier [-Wduplicate-decl-specifier]
int init_pair(short short anonymous_var_nameX505, short short anonymous_var_nameX506, short short anonymous_var_nameX507);
                                                                                            ^~~~~~
main.c.c:3162:140: warning: duplicate 'short' declaration specifier [-Wduplicate-decl-specifier]
int mvchgat(int anonymous_var_nameX547, int anonymous_var_nameX548, int anonymous_var_nameX549, unsigned int anonymous_var_nameX550, short short anonymous_var_nameX551, const void* anonymous_var_nameX552);
                                                                                                                                           ^~~~~~
main.c.c:3210:181: warning: duplicate 'short' declaration specifier [-Wduplicate-decl-specifier]
int mvwchgat(struct _win_st* anonymous_var_nameX633, int anonymous_var_nameX634, int anonymous_var_nameX635, int anonymous_var_nameX636, unsigned int anonymous_var_nameX637, short short anonymous_var_nameX638, const void* anonymous_var_nameX639);
                                                                                                                                                                                    ^~~~~~
main.c.c:3274:24: warning: duplicate 'short' declaration specifier [-Wduplicate-decl-specifier]
int pair_content(short short anonymous_var_nameX728, short short* anonymous_var_nameX729, short short* anonymous_var_nameX730);
                       ^~~~~~
main.c.c:3274:60: warning: duplicate 'short' declaration specifier [-Wduplicate-decl-specifier]
int pair_content(short short anonymous_var_nameX728, short short* anonymous_var_nameX729, short short* anonymous_var_nameX730);
                                                           ^~~~~
main.c.c:3274:97: warning: duplicate 'short' declaration specifier [-Wduplicate-decl-specifier]
int pair_content(short short anonymous_var_nameX728, short short* anonymous_var_nameX729, short short* anonymous_var_nameX730);
                                                                                                ^~~~~
main.c.c:3338:67: warning: duplicate 'short' declaration specifier [-Wduplicate-decl-specifier]
int slk_attr_set(const unsigned int anonymous_var_nameX774, short short anonymous_var_nameX775, void* anonymous_var_nameX776);
                                                                  ^~~~~~
main.c.c:3342:21: warning: duplicate 'short' declaration specifier [-Wduplicate-decl-specifier]
int slk_color(short short anonymous_var_nameX777);
                    ^~~~~~
main.c.c:3420:99: warning: duplicate 'short' declaration specifier [-Wduplicate-decl-specifier]
int wattr_get(struct _win_st* anonymous_var_nameX840, unsigned int* anonymous_var_nameX841, short short* anonymous_var_nameX842, void* anonymous_var_nameX843);
                                                                                                  ^~~~~
main.c.c:3426:98: warning: duplicate 'short' declaration specifier [-Wduplicate-decl-specifier]
int wattr_set(struct _win_st* anonymous_var_nameX850, unsigned int anonymous_var_nameX851, short short anonymous_var_nameX852, void* anonymous_var_nameX853);
                                                                                                 ^~~~~~
main.c.c:3434:123: warning: duplicate 'short' declaration specifier [-Wduplicate-decl-specifier]
int wchgat(struct _win_st* anonymous_var_nameX867, int anonymous_var_nameX868, unsigned int anonymous_var_nameX869, short short anonymous_var_nameX870, const void* anonymous_var_nameX871);
                                                                                                                          ^~~~~~
main.c.c:3442:62: warning: duplicate 'short' declaration specifier [-Wduplicate-decl-specifier]
int wcolor_set(struct _win_st* anonymous_var_nameX875, short short anonymous_var_nameX876, void* anonymous_var_nameX877);
                                                             ^~~~~~
main.c.c:3640:68: warning: duplicate 'short' declaration specifier [-Wduplicate-decl-specifier]
int color_content_sp(struct screen* anonymous_var_nameX1036, short short anonymous_var_nameX1037, short short* anonymous_var_nameX1038, short short* anonymous_var_nameX1039, short short* anonymous_var_nameX1040);
                                                                   ^~~~~~
main.c.c:3640:105: warning: duplicate 'short' declaration specifier [-Wduplicate-decl-specifier]
int color_content_sp(struct screen* anonymous_var_nameX1036, short short anonymous_var_nameX1037, short short* anonymous_var_nameX1038, short short* anonymous_var_nameX1039, short short* anonymous_var_nameX1040);
                                                                                                        ^~~~~
main.c.c:3640:143: warning: duplicate 'short' declaration specifier [-Wduplicate-decl-specifier]
int color_content_sp(struct screen* anonymous_var_nameX1036, short short anonymous_var_nameX1037, short short* anonymous_var_nameX1038, short short* anonymous_var_nameX1039, short short* anonymous_var_nameX1040);
                                                                                                                                              ^~~~~
main.c.c:3640:181: warning: duplicate 'short' declaration specifier [-Wduplicate-decl-specifier]
int color_content_sp(struct screen* anonymous_var_nameX1036, short short anonymous_var_nameX1037, short short* anonymous_var_nameX1038, short short* anonymous_var_nameX1039, short short* anonymous_var_nameX1040);
                                                                                                                                                                                    ^~~~~
main.c.c:3672:65: warning: duplicate 'short' declaration specifier [-Wduplicate-decl-specifier]
int init_color_sp(struct screen* anonymous_var_nameX1059, short short anonymous_var_nameX1060, short short anonymous_var_nameX1061, short short anonymous_var_nameX1062, short short anonymous_var_nameX1063);
                                                                ^~~~~~
main.c.c:3672:102: warning: duplicate 'short' declaration specifier [-Wduplicate-decl-specifier]
int init_color_sp(struct screen* anonymous_var_nameX1059, short short anonymous_var_nameX1060, short short anonymous_var_nameX1061, short short anonymous_var_nameX1062, short short anonymous_var_nameX1063);
                                                                                                     ^~~~~~
main.c.c:3672:139: warning: duplicate 'short' declaration specifier [-Wduplicate-decl-specifier]
int init_color_sp(struct screen* anonymous_var_nameX1059, short short anonymous_var_nameX1060, short short anonymous_var_nameX1061, short short anonymous_var_nameX1062, short short anonymous_var_nameX1063);
                                                                                                                                          ^~~~~~
main.c.c:3672:176: warning: duplicate 'short' declaration specifier [-Wduplicate-decl-specifier]
int init_color_sp(struct screen* anonymous_var_nameX1059, short short anonymous_var_nameX1060, short short anonymous_var_nameX1061, short short anonymous_var_nameX1062, short short anonymous_var_nameX1063);
                                                                                                                                                                               ^~~~~~
main.c.c:3674:64: warning: duplicate 'short' declaration specifier [-Wduplicate-decl-specifier]
int init_pair_sp(struct screen* anonymous_var_nameX1064, short short anonymous_var_nameX1065, short short anonymous_var_nameX1066, short short anonymous_var_nameX1067);
                                                               ^~~~~~
main.c.c:3674:101: warning: duplicate 'short' declaration specifier [-Wduplicate-decl-specifier]
int init_pair_sp(struct screen* anonymous_var_nameX1064, short short anonymous_var_nameX1065, short short anonymous_var_nameX1066, short short anonymous_var_nameX1067);
                                                                                                    ^~~~~~
main.c.c:3674:138: warning: duplicate 'short' declaration specifier [-Wduplicate-decl-specifier]
int init_pair_sp(struct screen* anonymous_var_nameX1064, short short anonymous_var_nameX1065, short short anonymous_var_nameX1066, short short anonymous_var_nameX1067);
                                                                                                                                         ^~~~~~
main.c.c:3708:67: warning: duplicate 'short' declaration specifier [-Wduplicate-decl-specifier]
int pair_content_sp(struct screen* anonymous_var_nameX1101, short short anonymous_var_nameX1102, short short* anonymous_var_nameX1103, short short* anonymous_var_nameX1104);
                                                                  ^~~~~~
main.c.c:3708:104: warning: duplicate 'short' declaration specifier [-Wduplicate-decl-specifier]
int pair_content_sp(struct screen* anonymous_var_nameX1101, short short anonymous_var_nameX1102, short short* anonymous_var_nameX1103, short short* anonymous_var_nameX1104);
                                                                                                       ^~~~~
main.c.c:3708:142: warning: duplicate 'short' declaration specifier [-Wduplicate-decl-specifier]
int pair_content_sp(struct screen* anonymous_var_nameX1101, short short anonymous_var_nameX1102, short short* anonymous_var_nameX1103, short short* anonymous_var_nameX1104);
                                                                                                                                             ^~~~~
main.c.c:3738:111: warning: duplicate 'short' declaration specifier [-Wduplicate-decl-specifier]
int slk_attr_set_sp(struct screen* anonymous_var_nameX1128, const unsigned int anonymous_var_nameX1129, short short anonymous_var_nameX1130, void* anonymous_var_nameX1131);
                                                                                                              ^~~~~~
main.c.c:3742:64: warning: duplicate 'short' declaration specifier [-Wduplicate-decl-specifier]
int slk_color_sp(struct screen* anonymous_var_nameX1133, short short anonymous_var_nameX1134);
                                                               ^~~~~~
main.c.c:3850:155: warning: duplicate 'short' declaration specifier [-Wduplicate-decl-specifier]
int getcchar(const struct anonymous_typeX22* anonymous_var_nameX1249, unsigned int* anonymous_var_nameX1250, unsigned int* anonymous_var_nameX1251, short short* anonymous_var_nameX1252, void* anonymous_var_nameX1253);
                                                                                                                                                          ^~~~~
main.c.c:3950:160: warning: duplicate 'short' declaration specifier [-Wduplicate-decl-specifier]
int setcchar(struct anonymous_typeX22* anonymous_var_nameX1415, const unsigned int* anonymous_var_nameX1416, const unsigned int anonymous_var_nameX1417, short short anonymous_var_nameX1418, const void* anonymous_var_nameX1419);
                                                                                                                                                               ^~~~~~
main.c.c:3958:58: warning: duplicate 'short' declaration specifier [-Wduplicate-decl-specifier]
int vid_attr(unsigned int anonymous_var_nameX1424, short short anonymous_var_nameX1425, void* anonymous_var_nameX1426);
                                                         ^~~~~~
main.c.c:3960:58: warning: duplicate 'short' declaration specifier [-Wduplicate-decl-specifier]
int vid_puts(unsigned int anonymous_var_nameX1427, short short anonymous_var_nameX1428, void* anonymous_var_nameX1429, int (*anonymous_var_nameX1430)(int));
                                                         ^~~~~~
main.c.c:4020:101: warning: duplicate 'short' declaration specifier [-Wduplicate-decl-specifier]
int vid_attr_sp(struct screen* anonymous_var_nameX1502, unsigned int anonymous_var_nameX1503, short short anonymous_var_nameX1504, void* anonymous_var_nameX1505);
                                                                                                    ^~~~~~
main.c.c:4022:101: warning: duplicate 'short' declaration specifier [-Wduplicate-decl-specifier]
int vid_puts_sp(struct screen* anonymous_var_nameX1506, unsigned int anonymous_var_nameX1507, short short anonymous_var_nameX1508, void* anonymous_var_nameX1509, int (*anonymous_var_nameX1510)(struct screen*,int));
                                                                                                    ^~~~~~
main.c.c:5312:30: warning: integer literal is too large to be represented in a signed integer type, interpreting as unsigned [-Wimplicitly-unsigned-literal]
    __result3__ = ((((__bsx)&18374686479671623680)>>56)|(((__bsx)&71776119061217280)>>40)|(((__bsx)&280375465082880)>>24)|(((__bsx)&1095216660480)>>8)|(((__bsx)&4278190080)<<8)|(((__bsx)&16711680)<<24)|(((__bsx)&65280)<<40)|(((__bsx)&255)<<56));
                             ^
main.c.c:7239:14: warning: address of 'stat__53' will always evaluate to 'true' [-Wpointer-bool-conversion]
        if((&stat__53) && !__freed_obj__) { come_call_finalizer(stat_finalize,(&stat__53), (void*)0, (void*)0, 1, 0, 0, 0); }
             ^~~~~~~~  ~~
main.c.c:7630:18: warning: address of 'stat__74' will always evaluate to 'true' [-Wpointer-bool-conversion]
            if((&stat__74) && !__freed_obj__) { come_call_finalizer(stat_finalize,(&stat__74), (void*)0, (void*)0, 1, 0, 0, 0); }
                 ^~~~~~~~  ~~
main.c.c:8016:10: warning: address of 'info_79' will always evaluate to 'true' [-Wpointer-bool-conversion]
    if((&info_79) && !__freed_obj__) { come_call_finalizer(sInfo_finalize,(&info_79), (void*)0, (void*)0, 1, 0, 0, 0); }
         ^~~~~~~  ~~
main.c.c:8021:10: warning: address of 'info_79' will always evaluate to 'true' [-Wpointer-bool-conversion]
    if((&info_79) && !__freed_obj__) { come_call_finalizer(sInfo_finalize,(&info_79), (void*)0, (void*)0, 1, 0, 0, 0); }
         ^~~~~~~  ~~
107 warnings generated.
